<?xml version="1.0" encoding="UTF-8"?>
<!-- Generated by org.testng.reporters.JUnitXMLReporter -->
<testsuite hostname="wh-chunqingz-01" ignored="0" name="Default test" tests="6" failures="0" timestamp="09 二月 2018 07:03:24 GMT" time="51.177" errors="0">
  <testcase name="chrome1" time="7.809" classname="com.quark.mobile.AppiumGridTest"/>
  <testcase name="chrome2" time="7.338" classname="com.quark.mobile.AppiumGridTest"/>
  <testcase name="firefox1" time="11.3" classname="com.quark.mobile.AppiumGridTest"/>
  <testcase name="firefox2" time="14.474" classname="com.quark.mobile.AppiumGridTest"/>
  <testcase name="ie1" time="5.174" classname="com.quark.mobile.AppiumGridTest"/>
  <testcase name="ie2" time="5.063" classname="com.quark.mobile.AppiumGridTest"/>
</testsuite> <!-- Default test -->
