<?xml version="1.0" encoding="UTF-8"?>
<!-- Generated by org.testng.reporters.JUnitXMLReporter -->
<testsuite hostname="wh-chunqingz-01" ignored="0" name="CobraLoan-Windows-internet explorer" tests="2" failures="0" timestamp="24 二月 2018 08:01:56 GMT" time="57.118" errors="0">
  <testcase name="loan" time="26.978" classname="com.quark.mobile.testcase.cobra.CobraLoan"/>
  <testcase name="loan" time="25.367" classname="com.quark.mobile.testcase.cobra.CobraLoan"/>
</testsuite> <!-- CobraLoan-Windows-internet explorer -->
