<?xml version="1.0" encoding="UTF-8"?>
<!-- Generated by org.testng.reporters.JUnitXMLReporter -->
<testsuite hostname="wh-chunqingz-01" ignored="0" name="CobraLoan-Windows-firefox" tests="2" failures="0" timestamp="13 二月 2018 08:39:09 GMT" time="33.728" errors="0">
  <testcase name="loan" time="10.652" classname="com.quark.mobile.testcase.cobra.CobraLoan"/>
  <testcase name="loan" time="9.707" classname="com.quark.mobile.testcase.cobra.CobraLoan"/>
</testsuite> <!-- CobraLoan-Windows-firefox -->
