<?xml version="1.0" encoding="UTF-8"?>
<!-- Generated by org.testng.reporters.JUnitXMLReporter -->
<testsuite hostname="wh-chunqingz-01" ignored="0" name="com.quark.mobile.testcase.cobra.CobraLoan-Windows-internet explorer" tests="2" failures="0" timestamp="24 二月 2018 05:50:15 GMT" time="73.128" errors="0">
  <testcase name="loan" time="40.48" classname="com.quark.mobile.testcase.cobra.CobraLoan"/>
  <testcase name="loan" time="27.496" classname="com.quark.mobile.testcase.cobra.CobraLoan"/>
</testsuite> <!-- com.quark.mobile.testcase.cobra.CobraLoan-Windows-internet explorer -->
