<?xml version="1.0" encoding="UTF-8"?>
<!-- Generated by org.testng.reporters.JUnitXMLReporter -->
<testsuite hostname="wh-chunqingz-01" ignored="0" name="OpenBaidu-Android6.0.0-Nexus5-browser-192.168.189.102:5555" tests="1" failures="1" timestamp="01 三月 2018 01:31:25 GMT" time="126.892" errors="0">
  <testcase name="@AfterMethod saveFailedScreen" time="0.01" classname="com.quark.mobile.TestCaseBase">
    <failure type="org.openqa.selenium.WebDriverException" message="Session [ab84aef9-aef6-4ac0-8351-a822d96e0690] was terminated due to FORWARDING_TO_NODE_FAILED
Command duration or timeout: 0 milliseconds
Build info: version: &amp;apos;3.9.1&amp;apos;, revision: &amp;apos;63f7b50&amp;apos;, time: &amp;apos;2018-02-07T22:25:02.294Z&amp;apos;
System info: host: &amp;apos;WH-CHUNQINGZ-01&amp;apos;, ip: &amp;apos;172.29.20.31&amp;apos;, os.name: &amp;apos;Windows 7&amp;apos;, os.arch: &amp;apos;amd64&amp;apos;, os.version: &amp;apos;6.1&amp;apos;, java.version: &amp;apos;1.8.0_92&amp;apos;
Driver info: io.appium.java_client.android.AndroidDriver
Capabilities {browserName: browser, databaseEnabled: false, desired: {browserName: browser, deviceName: Nexus5, platformName: android, platformVersion: 6.0.0, se:CONFIG_UUID: 1c42b157-9844-42d0-ac7f-2cc..., udid: 192.168.189.102:5555}, deviceManufacturer: Genymotion, deviceModel: Google Nexus 5 - 6.0.0 - AP..., deviceName: 192.168.189.102:5555, deviceScreenSize: 1080x1920, deviceUDID: 192.168.189.102:5555, javascriptEnabled: true, locationContextEnabled: false, networkConnectionEnabled: true, platform: LINUX, platformName: LINUX, platformVersion: 6.0, se:CONFIG_UUID: 1c42b157-9844-42d0-ac7f-2cc..., takesScreenshot: true, udid: 192.168.189.102:5555, warnings: {}, webStorageEnabled: false}
Session ID: ab84aef9-aef6-4ac0-8351-a822d96e0690">
      <![CDATA[org.openqa.selenium.WebDriverException: Session [ab84aef9-aef6-4ac0-8351-a822d96e0690] was terminated due to FORWARDING_TO_NODE_FAILED
Command duration or timeout: 0 milliseconds
Build info: version: '3.9.1', revision: '63f7b50', time: '2018-02-07T22:25:02.294Z'
System info: host: 'WH-CHUNQINGZ-01', ip: '172.29.20.31', os.name: 'Windows 7', os.arch: 'amd64', os.version: '6.1', java.version: '1.8.0_92'
Driver info: io.appium.java_client.android.AndroidDriver
Capabilities {browserName: browser, databaseEnabled: false, desired: {browserName: browser, deviceName: Nexus5, platformName: android, platformVersion: 6.0.0, se:CONFIG_UUID: 1c42b157-9844-42d0-ac7f-2cc..., udid: 192.168.189.102:5555}, deviceManufacturer: Genymotion, deviceModel: Google Nexus 5 - 6.0.0 - AP..., deviceName: 192.168.189.102:5555, deviceScreenSize: 1080x1920, deviceUDID: 192.168.189.102:5555, javascriptEnabled: true, locationContextEnabled: false, networkConnectionEnabled: true, platform: LINUX, platformName: LINUX, platformVersion: 6.0, se:CONFIG_UUID: 1c42b157-9844-42d0-ac7f-2cc..., takesScreenshot: true, udid: 192.168.189.102:5555, warnings: {}, webStorageEnabled: false}
Session ID: ab84aef9-aef6-4ac0-8351-a822d96e0690
	at org.openqa.selenium.remote.ErrorHandler.createThrowable(ErrorHandler.java:214)
	at org.openqa.selenium.remote.ErrorHandler.throwIfResponseFailed(ErrorHandler.java:166)
	at org.openqa.selenium.remote.http.JsonHttpResponseCodec.reconstructValue(JsonHttpResponseCodec.java:40)
	at org.openqa.selenium.remote.http.AbstractHttpResponseCodec.decode(AbstractHttpResponseCodec.java:80)
	at org.openqa.selenium.remote.http.AbstractHttpResponseCodec.decode(AbstractHttpResponseCodec.java:44)
	at org.openqa.selenium.remote.HttpCommandExecutor.execute(HttpCommandExecutor.java:160)
	at io.appium.java_client.remote.AppiumCommandExecutor.execute(AppiumCommandExecutor.java:89)
	at org.openqa.selenium.remote.RemoteWebDriver.execute(RemoteWebDriver.java:601)
	at io.appium.java_client.DefaultGenericMobileDriver.execute(DefaultGenericMobileDriver.java:46)
	at io.appium.java_client.AppiumDriver.execute(AppiumDriver.java:1)
	at io.appium.java_client.android.AndroidDriver.execute(AndroidDriver.java:1)
	at org.openqa.selenium.remote.RemoteWebDriver.getScreenshotAs(RemoteWebDriver.java:343)
	at com.quark.mobile.appium.JMotorAction.screenShot(JMotorAction.java:179)
	at com.quark.mobile.TestCaseBase.saveFailedScreen(TestCaseBase.java:187)
	at java.util.concurrent.FutureTask.run(FutureTask.java:266)
	at java.util.concurrent.ThreadPoolExecutor.runWorker(ThreadPoolExecutor.java:1142)
	at java.util.concurrent.ThreadPoolExecutor$Worker.run(ThreadPoolExecutor.java:617)
	at java.lang.Thread.run(Thread.java:745)
Caused by: org.openqa.grid.common.exception.GridException: Session [ab84aef9-aef6-4ac0-8351-a822d96e0690] was terminated due to FORWARDING_TO_NODE_FAILED
	at org.openqa.grid.internal.ActiveTestSessions.getExistingSession(ActiveTestSessions.java:116)
	at org.openqa.grid.internal.DefaultGridRegistry.getExistingSession(DefaultGridRegistry.java:389)
	at org.openqa.grid.web.servlet.handler.RequestHandler.getSession(RequestHandler.java:237)
	at org.openqa.grid.web.servlet.handler.RequestHandler.process(RequestHandler.java:122)
	at org.openqa.grid.web.servlet.DriverServlet.process(DriverServlet.java:84)
	at org.openqa.grid.web.servlet.DriverServlet.doGet(DriverServlet.java:62)
	at javax.servlet.http.HttpServlet.service(HttpServlet.java:687)
	at javax.servlet.http.HttpServlet.service(HttpServlet.java:790)
	at org.seleniumhq.jetty9.servlet.ServletHolder.handle(ServletHolder.java:860)
	at org.seleniumhq.jetty9.servlet.ServletHandler.doHandle(ServletHandler.java:535)
	at org.seleniumhq.jetty9.server.handler.ScopedHandler.nextHandle(ScopedHandler.java:188)
	at org.seleniumhq.jetty9.server.session.SessionHandler.doHandle(SessionHandler.java:1595)
	at org.seleniumhq.jetty9.server.handler.ScopedHandler.nextHandle(ScopedHandler.java:188)
	at org.seleniumhq.jetty9.server.handler.ContextHandler.doHandle(ContextHandler.java:1253)
	at org.seleniumhq.jetty9.server.handler.ScopedHandler.nextScope(ScopedHandler.java:168)
	at org.seleniumhq.jetty9.servlet.ServletHandler.doScope(ServletHandler.java:473)
	at org.seleniumhq.jetty9.server.session.SessionHandler.doScope(SessionHandler.java:1564)
	at org.seleniumhq.jetty9.server.handler.ScopedHandler.nextScope(ScopedHandler.java:166)
	at org.seleniumhq.jetty9.server.handler.ContextHandler.doScope(ContextHandler.java:1155)
	at org.seleniumhq.jetty9.server.handler.ScopedHandler.handle(ScopedHandler.java:141)
	at org.seleniumhq.jetty9.server.handler.HandlerWrapper.handle(HandlerWrapper.java:132)
	at org.seleniumhq.jetty9.server.Server.handle(Server.java:530)
	at org.seleniumhq.jetty9.server.HttpChannel.handle(HttpChannel.java:347)
	at org.seleniumhq.jetty9.server.HttpConnection.onFillable(HttpConnection.java:256)
	at org.seleniumhq.jetty9.io.AbstractConnection$ReadCallback.succeeded(AbstractConnection.java:279)
	at org.seleniumhq.jetty9.io.FillInterest.fillable(FillInterest.java:102)
	at org.seleniumhq.jetty9.io.ChannelEndPoint$2.run(ChannelEndPoint.java:124)
	at org.seleniumhq.jetty9.util.thread.strategy.EatWhatYouKill.doProduce(EatWhatYouKill.java:247)
	at org.seleniumhq.jetty9.util.thread.strategy.EatWhatYouKill.produce(EatWhatYouKill.java:140)
	at org.seleniumhq.jetty9.util.thread.strategy.EatWhatYouKill.run(EatWhatYouKill.java:131)
	at org.seleniumhq.jetty9.util.thread.ReservedThreadExecutor$ReservedThread.run(ReservedThreadExecutor.java:382)
	at org.seleniumhq.jetty9.util.thread.QueuedThreadPool.runJob(QueuedThreadPool.java:708)
	at org.seleniumhq.jetty9.util.thread.QueuedThreadPool$2.run(QueuedThreadPool.java:626)
	... 1 more
... Removed 22 stack frames]]>
    </failure>
  </testcase> <!-- @AfterMethod saveFailedScreen -->
  <testcase name="@AfterClass quitServer" time="0.0" classname="com.quark.mobile.TestCaseBase">
    <skipped/>
  </testcase> <!-- @AfterClass quitServer -->
  <testcase name="baiduSearch" time="120.047" classname="com.quark.mobile.testcase.zhucq.OpenBaidu">
    <failure type="org.openqa.selenium.WebDriverException" message="cannot forward the request 172.29.20.31:4726 failed to respond
Command duration or timeout: 0 milliseconds
Build info: version: &amp;apos;3.9.1&amp;apos;, revision: &amp;apos;63f7b50&amp;apos;, time: &amp;apos;2018-02-07T22:25:02.294Z&amp;apos;
System info: host: &amp;apos;WH-CHUNQINGZ-01&amp;apos;, ip: &amp;apos;172.29.20.31&amp;apos;, os.name: &amp;apos;Windows 7&amp;apos;, os.arch: &amp;apos;amd64&amp;apos;, os.version: &amp;apos;6.1&amp;apos;, java.version: &amp;apos;1.8.0_92&amp;apos;
Driver info: io.appium.java_client.android.AndroidDriver
Capabilities {browserName: browser, databaseEnabled: false, desired: {browserName: browser, deviceName: Nexus5, platformName: android, platformVersion: 6.0.0, se:CONFIG_UUID: 1c42b157-9844-42d0-ac7f-2cc..., udid: 192.168.189.102:5555}, deviceManufacturer: Genymotion, deviceModel: Google Nexus 5 - 6.0.0 - AP..., deviceName: 192.168.189.102:5555, deviceScreenSize: 1080x1920, deviceUDID: 192.168.189.102:5555, javascriptEnabled: true, locationContextEnabled: false, networkConnectionEnabled: true, platform: LINUX, platformName: LINUX, platformVersion: 6.0, se:CONFIG_UUID: 1c42b157-9844-42d0-ac7f-2cc..., takesScreenshot: true, udid: 192.168.189.102:5555, warnings: {}, webStorageEnabled: false}
Session ID: ab84aef9-aef6-4ac0-8351-a822d96e0690">
      <![CDATA[org.openqa.selenium.WebDriverException: cannot forward the request 172.29.20.31:4726 failed to respond
Command duration or timeout: 0 milliseconds
Build info: version: '3.9.1', revision: '63f7b50', time: '2018-02-07T22:25:02.294Z'
System info: host: 'WH-CHUNQINGZ-01', ip: '172.29.20.31', os.name: 'Windows 7', os.arch: 'amd64', os.version: '6.1', java.version: '1.8.0_92'
Driver info: io.appium.java_client.android.AndroidDriver
Capabilities {browserName: browser, databaseEnabled: false, desired: {browserName: browser, deviceName: Nexus5, platformName: android, platformVersion: 6.0.0, se:CONFIG_UUID: 1c42b157-9844-42d0-ac7f-2cc..., udid: 192.168.189.102:5555}, deviceManufacturer: Genymotion, deviceModel: Google Nexus 5 - 6.0.0 - AP..., deviceName: 192.168.189.102:5555, deviceScreenSize: 1080x1920, deviceUDID: 192.168.189.102:5555, javascriptEnabled: true, locationContextEnabled: false, networkConnectionEnabled: true, platform: LINUX, platformName: LINUX, platformVersion: 6.0, se:CONFIG_UUID: 1c42b157-9844-42d0-ac7f-2cc..., takesScreenshot: true, udid: 192.168.189.102:5555, warnings: {}, webStorageEnabled: false}
Session ID: ab84aef9-aef6-4ac0-8351-a822d96e0690
	at org.openqa.selenium.remote.ErrorHandler.createThrowable(ErrorHandler.java:214)
	at org.openqa.selenium.remote.ErrorHandler.throwIfResponseFailed(ErrorHandler.java:166)
	at org.openqa.selenium.remote.http.JsonHttpResponseCodec.reconstructValue(JsonHttpResponseCodec.java:40)
	at org.openqa.selenium.remote.http.AbstractHttpResponseCodec.decode(AbstractHttpResponseCodec.java:80)
	at org.openqa.selenium.remote.http.AbstractHttpResponseCodec.decode(AbstractHttpResponseCodec.java:44)
	at org.openqa.selenium.remote.HttpCommandExecutor.execute(HttpCommandExecutor.java:160)
	at io.appium.java_client.remote.AppiumCommandExecutor.execute(AppiumCommandExecutor.java:89)
	at org.openqa.selenium.remote.RemoteWebDriver.execute(RemoteWebDriver.java:601)
	at io.appium.java_client.DefaultGenericMobileDriver.execute(DefaultGenericMobileDriver.java:42)
	at io.appium.java_client.AppiumDriver.execute(AppiumDriver.java:1)
	at io.appium.java_client.android.AndroidDriver.execute(AndroidDriver.java:1)
	at org.openqa.selenium.remote.RemoteWebDriver.get(RemoteWebDriver.java:325)
	at com.quark.mobile.testcase.zhucq.OpenBaidu.baiduSearch(OpenBaidu.java:13)
	at java.util.concurrent.FutureTask.run(FutureTask.java:266)
	at java.util.concurrent.ThreadPoolExecutor.runWorker(ThreadPoolExecutor.java:1142)
	at java.util.concurrent.ThreadPoolExecutor$Worker.run(ThreadPoolExecutor.java:617)
	at java.lang.Thread.run(Thread.java:745)
Caused by: org.openqa.grid.common.exception.GridException: cannot forward the request 172.29.20.31:4726 failed to respond
	at org.openqa.grid.web.servlet.handler.RequestHandler.process(RequestHandler.java:142)
	at org.openqa.grid.web.servlet.DriverServlet.process(DriverServlet.java:84)
	at org.openqa.grid.web.servlet.DriverServlet.doPost(DriverServlet.java:68)
	at javax.servlet.http.HttpServlet.service(HttpServlet.java:707)
	at javax.servlet.http.HttpServlet.service(HttpServlet.java:790)
	at org.seleniumhq.jetty9.servlet.ServletHolder.handle(ServletHolder.java:860)
	at org.seleniumhq.jetty9.servlet.ServletHandler.doHandle(ServletHandler.java:535)
	at org.seleniumhq.jetty9.server.handler.ScopedHandler.nextHandle(ScopedHandler.java:188)
	at org.seleniumhq.jetty9.server.session.SessionHandler.doHandle(SessionHandler.java:1595)
	at org.seleniumhq.jetty9.server.handler.ScopedHandler.nextHandle(ScopedHandler.java:188)
	at org.seleniumhq.jetty9.server.handler.ContextHandler.doHandle(ContextHandler.java:1253)
	at org.seleniumhq.jetty9.server.handler.ScopedHandler.nextScope(ScopedHandler.java:168)
	at org.seleniumhq.jetty9.servlet.ServletHandler.doScope(ServletHandler.java:473)
	at org.seleniumhq.jetty9.server.session.SessionHandler.doScope(SessionHandler.java:1564)
	at org.seleniumhq.jetty9.server.handler.ScopedHandler.nextScope(ScopedHandler.java:166)
	at org.seleniumhq.jetty9.server.handler.ContextHandler.doScope(ContextHandler.java:1155)
	at org.seleniumhq.jetty9.server.handler.ScopedHandler.handle(ScopedHandler.java:141)
	at org.seleniumhq.jetty9.server.handler.HandlerWrapper.handle(HandlerWrapper.java:132)
	at org.seleniumhq.jetty9.server.Server.handle(Server.java:530)
	at org.seleniumhq.jetty9.server.HttpChannel.handle(HttpChannel.java:347)
	at org.seleniumhq.jetty9.server.HttpConnection.onFillable(HttpConnection.java:256)
	at org.seleniumhq.jetty9.io.AbstractConnection$ReadCallback.succeeded(AbstractConnection.java:279)
	at org.seleniumhq.jetty9.io.FillInterest.fillable(FillInterest.java:102)
	at org.seleniumhq.jetty9.io.ChannelEndPoint$2.run(ChannelEndPoint.java:124)
	at org.seleniumhq.jetty9.util.thread.strategy.EatWhatYouKill.doProduce(EatWhatYouKill.java:247)
	at org.seleniumhq.jetty9.util.thread.strategy.EatWhatYouKill.produce(EatWhatYouKill.java:140)
	at org.seleniumhq.jetty9.util.thread.strategy.EatWhatYouKill.run(EatWhatYouKill.java:131)
	at org.seleniumhq.jetty9.util.thread.ReservedThreadExecutor$ReservedThread.run(ReservedThreadExecutor.java:382)
	at org.seleniumhq.jetty9.util.thread.QueuedThreadPool.runJob(QueuedThreadPool.java:708)
	at org.seleniumhq.jetty9.util.thread.QueuedThreadPool$2.run(QueuedThreadPool.java:626)
	... 1 more
... Removed 20 stack frames]]>
    </failure>
  </testcase> <!-- baiduSearch -->
</testsuite> <!-- OpenBaidu-Android6.0.0-Nexus5-browser-192.168.189.102:5555 -->
