<?xml version="1.0" encoding="UTF-8"?>
<!-- Generated by org.testng.reporters.JUnitXMLReporter -->
<testsuite hostname="wh-chunqingz-01" ignored="0" name="OpenBaidu-IOS11.2.6-iPhone5s-Safari-210a4f2d37c3e449b4698377d847e10cd0d6f973" tests="1" failures="0" timestamp="15 三月 2018 07:04:24 GMT" time="15.916" errors="0">
  <testcase name="baiduSearch" time="5.896" classname="com.quark.mobile.testcase.zhucq.OpenBaidu"/>
</testsuite> <!-- OpenBaidu-IOS11.2.6-iPhone5s-Safari-210a4f2d37c3e449b4698377d847e10cd0d6f973 -->
